# JRE version: OpenJDK Runtime Environment (8.0_202-b03) (build 1.8.0_202-release-1483-b03)
# Java VM: OpenJDK 64-Bit Server VM (25.202-b03 mixed mode windows-amd64 compressed oops)
Heap:
 PSYoungGen      total 485376K, used 303198K [0x00000000e0000000, 0x0000000100000000, 0x0000000100000000)
  eden space 463360K, 60% used [0x00000000e0000000,0x00000000f129aaa8,0x00000000fc480000)
  from space 22016K, 99% used [0x00000000fc480000,0x00000000fd9fcf88,0x00000000fda00000)
  to   space 31744K, 0% used [0x00000000fe100000,0x00000000fe100000,0x0000000100000000)
 ParOldGen       total 141824K, used 55061K [0x00000000a0000000, 0x00000000a8a80000, 0x00000000e0000000)
  object space 141824K, 38% used [0x00000000a0000000,0x00000000a35c54c8,0x00000000a8a80000)
 Metaspace       used 80815K, capacity 83865K, committed 84184K, reserved 1122304K
  class space    used 10239K, capacity 10889K, committed 11008K, reserved 1048576K
GC Heap History (10 events):
Event: 101.982 GC heap before
{Heap before GC invocations=12 (full 2):
 PSYoungGen      total 339456K, used 331629K [0x00000000e0000000, 0x00000000f8b80000, 0x0000000100000000)
  eden space 324096K, 100% used [0x00000000e0000000,0x00000000f3c80000,0x00000000f3c80000)
  from space 15360K, 49% used [0x00000000f3c80000,0x00000000f43db6f0,0x00000000f4b80000)
  to   space 14848K, 0% used [0x00000000f7d00000,0x00000000f7d00000,0x00000000f8b80000)
 ParOldGen       total 98816K, used 19253K [0x00000000a0000000, 0x00000000a6080000, 0x00000000e0000000)
  object space 98816K, 19% used [0x00000000a0000000,0x00000000a12cd600,0x00000000a6080000)
 Metaspace       used 45495K, capacity 46556K, committed 46848K, reserved 1089536K
  class space    used 5766K, capacity 6019K, committed 6144K, reserved 1048576K
Event: 102.003 GC heap after
Heap after GC invocations=12 (full 2):
 PSYoungGen      total 390656K, used 8033K [0x00000000e0000000, 0x00000000f9a80000, 0x0000000100000000)
  eden space 375808K, 0% used [0x00000000e0000000,0x00000000e0000000,0x00000000f6f00000)
  from space 14848K, 54% used [0x00000000f7d00000,0x00000000f84d8448,0x00000000f8b80000)
  to   space 14336K, 0% used [0x00000000f6f00000,0x00000000f6f00000,0x00000000f7d00000)
 ParOldGen       total 98816K, used 19261K [0x00000000a0000000, 0x00000000a6080000, 0x00000000e0000000)
  object space 98816K, 19% used [0x00000000a0000000,0x00000000a12cf600,0x00000000a6080000)
 Metaspace       used 45495K, capacity 46556K, committed 46848K, reserved 1089536K
  class space    used 5766K, capacity 6019K, committed 6144K, reserved 1048576K
}
Event: 105.648 GC heap before
{Heap before GC invocations=13 (full 2):
 PSYoungGen      total 390656K, used 216866K [0x00000000e0000000, 0x00000000f9a80000, 0x0000000100000000)
  eden space 375808K, 55% used [0x00000000e0000000,0x00000000ecbf06e0,0x00000000f6f00000)
  from space 14848K, 54% used [0x00000000f7d00000,0x00000000f84d8448,0x00000000f8b80000)
  to   space 14336K, 0% used [0x00000000f6f00000,0x00000000f6f00000,0x00000000f7d00000)
 ParOldGen       total 98816K, used 19261K [0x00000000a0000000, 0x00000000a6080000, 0x00000000e0000000)
  object space 98816K, 19% used [0x00000000a0000000,0x00000000a12cf600,0x00000000a6080000)
 Metaspace       used 57237K, capacity 58945K, committed 59096K, reserved 1101824K
  class space    used 7291K, capacity 7680K, committed 7680K, reserved 1048576K
Event: 105.727 GC heap after
Heap after GC invocations=13 (full 2):
 PSYoungGen      total 390144K, used 14333K [0x00000000e0000000, 0x00000000fed80000, 0x0000000100000000)
  eden space 375808K, 0% used [0x00000000e0000000,0x00000000e0000000,0x00000000f6f00000)
  from space 14336K, 99% used [0x00000000f6f00000,0x00000000f7cff728,0x00000000f7d00000)
  to   space 19968K, 0% used [0x00000000fda00000,0x00000000fda00000,0x00000000fed80000)
 ParOldGen       total 98816K, used 29826K [0x00000000a0000000, 0x00000000a6080000, 0x00000000e0000000)
  object space 98816K, 30% used [0x00000000a0000000,0x00000000a1d209c0,0x00000000a6080000)
 Metaspace       used 57237K, capacity 58945K, committed 59096K, reserved 1101824K
  class space    used 7291K, capacity 7680K, committed 7680K, reserved 1048576K
}
Event: 105.727 GC heap before
{Heap before GC invocations=14 (full 3):
 PSYoungGen      total 390144K, used 14333K [0x00000000e0000000, 0x00000000fed80000, 0x0000000100000000)
  eden space 375808K, 0% used [0x00000000e0000000,0x00000000e0000000,0x00000000f6f00000)
  from space 14336K, 99% used [0x00000000f6f00000,0x00000000f7cff728,0x00000000f7d00000)
  to   space 19968K, 0% used [0x00000000fda00000,0x00000000fda00000,0x00000000fed80000)
 ParOldGen       total 98816K, used 29826K [0x00000000a0000000, 0x00000000a6080000, 0x00000000e0000000)
  object space 98816K, 30% used [0x00000000a0000000,0x00000000a1d209c0,0x00000000a6080000)
 Metaspace       used 57237K, capacity 58945K, committed 59096K, reserved 1101824K
  class space    used 7291K, capacity 7680K, committed 7680K, reserved 1048576K
Event: 106.113 GC heap after
Heap after GC invocations=14 (full 3):
 PSYoungGen      total 390144K, used 0K [0x00000000e0000000, 0x00000000fed80000, 0x0000000100000000)
  eden space 375808K, 0% used [0x00000000e0000000,0x00000000e0000000,0x00000000f6f00000)
  from space 14336K, 0% used [0x00000000f6f00000,0x00000000f6f00000,0x00000000f7d00000)
  to   space 19968K, 0% used [0x00000000fda00000,0x00000000fda00000,0x00000000fed80000)
 ParOldGen       total 141824K, used 37271K [0x00000000a0000000, 0x00000000a8a80000, 0x00000000e0000000)
  object space 141824K, 26% used [0x00000000a0000000,0x00000000a2465ed8,0x00000000a8a80000)
 Metaspace       used 57180K, capacity 58821K, committed 59096K, reserved 1101824K
  class space    used 7274K, capacity 7660K, committed 7680K, reserved 1048576K
}
Event: 239.798 GC heap before
{Heap before GC invocations=15 (full 3):
 PSYoungGen      total 390144K, used 375808K [0x00000000e0000000, 0x00000000fed80000, 0x0000000100000000)
  eden space 375808K, 100% used [0x00000000e0000000,0x00000000f6f00000,0x00000000f6f00000)
  from space 14336K, 0% used [0x00000000f6f00000,0x00000000f6f00000,0x00000000f7d00000)
  to   space 19968K, 0% used [0x00000000fda00000,0x00000000fda00000,0x00000000fed80000)
 ParOldGen       total 141824K, used 37271K [0x00000000a0000000, 0x00000000a8a80000, 0x00000000e0000000)
  object space 141824K, 26% used [0x00000000a0000000,0x00000000a2465ed8,0x00000000a8a80000)
 Metaspace       used 69658K, capacity 71745K, committed 71896K, reserved 1112064K
  class space    used 9124K, capacity 9618K, committed 9728K, reserved 1048576K
Event: 239.886 GC heap after
Heap after GC invocations=15 (full 3):
 PSYoungGen      total 483328K, used 18913K [0x00000000e0000000, 0x00000000ff300000, 0x0000000100000000)
  eden space 463360K, 0% used [0x00000000e0000000,0x00000000e0000000,0x00000000fc480000)
  from space 19968K, 94% used [0x00000000fda00000,0x00000000fec78520,0x00000000fed80000)
  to   space 22016K, 0% used [0x00000000fc480000,0x00000000fc480000,0x00000000fda00000)
 ParOldGen       total 141824K, used 37279K [0x00000000a0000000, 0x00000000a8a80000, 0x00000000e0000000)
  object space 141824K, 26% used [0x00000000a0000000,0x00000000a2467ed8,0x00000000a8a80000)
 Metaspace       used 69658K, capacity 71745K, committed 71896K, reserved 1112064K
  class space    used 9124K, capacity 9618K, committed 9728K, reserved 1048576K
}
Event: 283.190 GC heap before
{Heap before GC invocations=16 (full 3):
 PSYoungGen      total 483328K, used 482273K [0x00000000e0000000, 0x00000000ff300000, 0x0000000100000000)
  eden space 463360K, 100% used [0x00000000e0000000,0x00000000fc480000,0x00000000fc480000)
  from space 19968K, 94% used [0x00000000fda00000,0x00000000fec78520,0x00000000fed80000)
  to   space 22016K, 0% used [0x00000000fc480000,0x00000000fc480000,0x00000000fda00000)
 ParOldGen       total 141824K, used 37279K [0x00000000a0000000, 0x00000000a8a80000, 0x00000000e0000000)
  object space 141824K, 26% used [0x00000000a0000000,0x00000000a2467ed8,0x00000000a8a80000)
 Metaspace       used 73758K, capacity 76423K, committed 76760K, reserved 1116160K
  class space    used 9550K, capacity 10125K, committed 10240K, reserved 1048576K
Event: 284.115 GC heap after
Heap after GC invocations=16 (full 3):
 PSYoungGen      total 485376K, used 22003K [0x00000000e0000000, 0x0000000100000000, 0x0000000100000000)
  eden space 463360K, 0% used [0x00000000e0000000,0x00000000e0000000,0x00000000fc480000)
  from space 22016K, 99% used [0x00000000fc480000,0x00000000fd9fcf88,0x00000000fda00000)
  to   space 31744K, 0% used [0x00000000fe100000,0x00000000fe100000,0x0000000100000000)
 ParOldGen       total 141824K, used 55061K [0x00000000a0000000, 0x00000000a8a80000, 0x00000000e0000000)
  object space 141824K, 38% used [0x00000000a0000000,0x00000000a35c54c8,0x00000000a8a80000)
 Metaspace       used 73758K, capacity 76423K, committed 76760K, reserved 1116160K
  class space    used 9550K, capacity 10125K, committed 10240K, reserved 1048576K
}

